<?xml version="1.0" encoding="UTF-8"?>
<!-- Generated by org.testng.reporters.JUnitReportReporter -->
<testsuite skipped="2" hostname="HIBAIL56180" name="RunnerClass.Runner" tests="2" failures="0" timestamp="14 Apr 2020 14:19:17 GMT" time="0.223" errors="0">
  <testcase name="scenario" time="0.017" classname="RunnerClass.Runner">
    <skipped/>
  </testcase> <!-- scenario -->
  <testcase name="runScenario" time="0.206" classname="RunnerClass.Runner">
    <skipped/>
  </testcase> <!-- runScenario -->
</testsuite> <!-- RunnerClass.Runner -->
