<?xml version="1.0" encoding="UTF-8"?>
<!-- Generated by org.testng.reporters.JUnitReportReporter -->
<testsuite skipped="0" hostname="HIBAIL56180" name="RunnerClass.Runner" tests="2" failures="0" timestamp="14 Apr 2020 15:08:33 GMT" time="0.393" errors="0">
  <testcase name="scenario" time="0.023" classname="RunnerClass.Runner"/>
  <testcase name="runScenario" time="0.370" classname="RunnerClass.Runner"/>
</testsuite> <!-- RunnerClass.Runner -->
